{"/Users/rusiraliyanage/Documents/Sample Assist/Fullstack-challenge/Backend/booking-project-backend/src/app.controller.ts": {"path":"/Users/rusiraliyanage/Documents/Sample Assist/Fullstack-challenge/Backend/booking-project-backend/src/app.controller.ts","statementMap":{"0":{"start":{"line":1,"column":0},"end":{"line":1,"column":49}},"1":{"start":{"line":2,"column":0},"end":{"line":2,"column":43}},"2":{"start":{"line":7,"column":7},"end":{"line":14,"column":null}},"3":{"start":{"line":8,"column":31},"end":{"line":8,"column":43}},"4":{"start":{"line":12,"column":4},"end":{"line":12,"column":38}},"5":{"start":{"line":7,"column":13},"end":{"line":7,"column":26}},"6":{"start":{"line":11,"column":2},"end":{"line":13,"column":null}},"7":{"start":{"line":7,"column":13},"end":{"line":14,"column":null}}},"fnMap":{"0":{"name":"(anonymous_2)","decl":{"start":{"line":8,"column":2},"end":{"line":8,"column":31}},"loc":{"start":{"line":8,"column":53},"end":{"line":8,"column":57}}},"1":{"name":"(anonymous_3)","decl":{"start":{"line":11,"column":2},"end":{"line":11,"column":10}},"loc":{"start":{"line":11,"column":10},"end":{"line":13,"column":3}}}},"branchMap":{"0":{"loc":{"start":{"line":8,"column":43},"end":{"line":8,"column":56}},"type":"cond-expr","locations":[{"start":{"line":8,"column":53},"end":{"line":8,"column":56}},{"start":{"line":8,"column":53},"end":{"line":8,"column":56}}]},"1":{"loc":{"start":{"line":8,"column":43},"end":{"line":8,"column":53}},"type":"binary-expr","locations":[{"start":{"line":8,"column":43},"end":{"line":8,"column":56}},{"start":{"line":8,"column":43},"end":{"line":8,"column":53}}]}},"s":{"0":0,"1":0,"2":0,"3":0,"4":0,"5":0,"6":0,"7":0},"f":{"0":0,"1":0},"b":{"0":[0,0],"1":[0,0]}}
,"/Users/rusiraliyanage/Documents/Sample Assist/Fullstack-challenge/Backend/booking-project-backend/src/app.module.ts": {"path":"/Users/rusiraliyanage/Documents/Sample Assist/Fullstack-challenge/Backend/booking-project-backend/src/app.module.ts","statementMap":{"0":{"start":{"line":1,"column":0},"end":{"line":1,"column":40}},"1":{"start":{"line":2,"column":0},"end":{"line":2,"column":49}},"2":{"start":{"line":3,"column":0},"end":{"line":3,"column":43}},"3":{"start":{"line":4,"column":0},"end":{"line":4,"column":60}},"4":{"start":{"line":5,"column":0},"end":{"line":5,"column":51}},"5":{"start":{"line":6,"column":0},"end":{"line":6,"column":48}},"6":{"start":{"line":7,"column":0},"end":{"line":7,"column":60}},"7":{"start":{"line":8,"column":0},"end":{"line":8,"column":71}},"8":{"start":{"line":23,"column":7},"end":{"line":23,"column":null}},"9":{"start":{"line":23,"column":13},"end":{"line":23,"column":22}},"10":{"start":{"line":23,"column":13},"end":{"line":23,"column":null}}},"fnMap":{},"branchMap":{},"s":{"0":0,"1":0,"2":0,"3":0,"4":0,"5":0,"6":0,"7":0,"8":0,"9":0,"10":0},"f":{},"b":{}}
,"/Users/rusiraliyanage/Documents/Sample Assist/Fullstack-challenge/Backend/booking-project-backend/src/app.service.ts": {"path":"/Users/rusiraliyanage/Documents/Sample Assist/Fullstack-challenge/Backend/booking-project-backend/src/app.service.ts","statementMap":{"0":{"start":{"line":1,"column":0},"end":{"line":1,"column":44}},"1":{"start":{"line":6,"column":7},"end":{"line":10,"column":null}},"2":{"start":{"line":8,"column":4},"end":{"line":8,"column":26}},"3":{"start":{"line":6,"column":13},"end":{"line":6,"column":23}},"4":{"start":{"line":6,"column":13},"end":{"line":10,"column":null}}},"fnMap":{"0":{"name":"(anonymous_1)","decl":{"start":{"line":7,"column":2},"end":{"line":7,"column":10}},"loc":{"start":{"line":7,"column":10},"end":{"line":9,"column":3}}}},"branchMap":{},"s":{"0":0,"1":0,"2":0,"3":0,"4":0},"f":{"0":0},"b":{}}
,"/Users/rusiraliyanage/Documents/Sample Assist/Fullstack-challenge/Backend/booking-project-backend/src/main.ts": {"path":"/Users/rusiraliyanage/Documents/Sample Assist/Fullstack-challenge/Backend/booking-project-backend/src/main.ts","statementMap":{"0":{"start":{"line":1,"column":0},"end":{"line":1,"column":43}},"1":{"start":{"line":2,"column":0},"end":{"line":2,"column":41}},"2":{"start":{"line":5,"column":14},"end":{"line":5,"column":49}},"3":{"start":{"line":6,"column":2},"end":{"line":6,"column":45}},"4":{"start":{"line":8,"column":0},"end":{"line":8,"column":12}}},"fnMap":{"0":{"name":"bootstrap","decl":{"start":{"line":4,"column":15},"end":{"line":4,"column":24}},"loc":{"start":{"line":4,"column":24},"end":{"line":7,"column":1}}}},"branchMap":{"0":{"loc":{"start":{"line":6,"column":19},"end":{"line":6,"column":43}},"type":"binary-expr","locations":[{"start":{"line":6,"column":19},"end":{"line":6,"column":35}},{"start":{"line":6,"column":39},"end":{"line":6,"column":43}}]}},"s":{"0":0,"1":0,"2":0,"3":0,"4":0},"f":{"0":0},"b":{"0":[0,0]}}
,"/Users/rusiraliyanage/Documents/Sample Assist/Fullstack-challenge/Backend/booking-project-backend/src/appontments/appointments.controller.ts": {"path":"/Users/rusiraliyanage/Documents/Sample Assist/Fullstack-challenge/Backend/booking-project-backend/src/appontments/appointments.controller.ts","statementMap":{"0":{"start":{"line":1,"column":0},"end":{"line":1,"column":null}},"1":{"start":{"line":11,"column":0},"end":{"line":11,"column":61}},"2":{"start":{"line":12,"column":0},"end":{"line":12,"column":61}},"3":{"start":{"line":13,"column":0},"end":{"line":13,"column":68}},"4":{"start":{"line":14,"column":0},"end":{"line":14,"column":68}},"5":{"start":{"line":17,"column":7},"end":{"line":47,"column":null}},"6":{"start":{"line":18,"column":31},"end":{"line":18,"column":52}},"7":{"start":{"line":27,"column":4},"end":{"line":27,"column":56}},"8":{"start":{"line":36,"column":4},"end":{"line":36,"column":68}},"9":{"start":{"line":42,"column":4},"end":{"line":45,"column":6}},"10":{"start":{"line":17,"column":13},"end":{"line":17,"column":35}},"11":{"start":{"line":23,"column":8},"end":{"line":28,"column":null}},"12":{"start":{"line":34,"column":8},"end":{"line":37,"column":null}},"13":{"start":{"line":41,"column":2},"end":{"line":46,"column":null}},"14":{"start":{"line":17,"column":13},"end":{"line":47,"column":null}}},"fnMap":{"0":{"name":"(anonymous_4)","decl":{"start":{"line":18,"column":2},"end":{"line":18,"column":31}},"loc":{"start":{"line":18,"column":71},"end":{"line":18,"column":75}}},"1":{"name":"(anonymous_5)","decl":{"start":{"line":23,"column":8},"end":{"line":23,"column":12}},"loc":{"start":{"line":25,"column":37},"end":{"line":28,"column":3}}},"2":{"name":"(anonymous_6)","decl":{"start":{"line":34,"column":8},"end":{"line":34,"column":26}},"loc":{"start":{"line":34,"column":37},"end":{"line":37,"column":3}}},"3":{"name":"(anonymous_7)","decl":{"start":{"line":41,"column":2},"end":{"line":41,"column":17}},"loc":{"start":{"line":41,"column":54},"end":{"line":46,"column":3}}}},"branchMap":{"0":{"loc":{"start":{"line":25,"column":17},"end":{"line":25,"column":null}},"type":"cond-expr","locations":[{"start":{"line":25,"column":37},"end":{"line":25,"column":null}},{"start":{"line":25,"column":37},"end":{"line":25,"column":null}}]},"1":{"loc":{"start":{"line":25,"column":17},"end":{"line":25,"column":37}},"type":"binary-expr","locations":[{"start":{"line":25,"column":17},"end":{"line":25,"column":null}},{"start":{"line":25,"column":17},"end":{"line":25,"column":37}}]},"2":{"loc":{"start":{"line":41,"column":34},"end":{"line":41,"column":null}},"type":"cond-expr","locations":[{"start":{"line":41,"column":54},"end":{"line":41,"column":null}},{"start":{"line":41,"column":54},"end":{"line":41,"column":null}}]},"3":{"loc":{"start":{"line":41,"column":34},"end":{"line":41,"column":54}},"type":"binary-expr","locations":[{"start":{"line":41,"column":34},"end":{"line":41,"column":null}},{"start":{"line":41,"column":34},"end":{"line":41,"column":54}}]},"4":{"loc":{"start":{"line":18,"column":52},"end":{"line":18,"column":74}},"type":"cond-expr","locations":[{"start":{"line":18,"column":71},"end":{"line":18,"column":74}},{"start":{"line":18,"column":71},"end":{"line":18,"column":74}}]},"5":{"loc":{"start":{"line":18,"column":52},"end":{"line":18,"column":71}},"type":"binary-expr","locations":[{"start":{"line":18,"column":52},"end":{"line":18,"column":74}},{"start":{"line":18,"column":52},"end":{"line":18,"column":71}}]}},"s":{"0":0,"1":0,"2":0,"3":0,"4":0,"5":0,"6":0,"7":0,"8":0,"9":0,"10":0,"11":0,"12":0,"13":0,"14":0},"f":{"0":0,"1":0,"2":0,"3":0},"b":{"0":[0,0],"1":[0,0],"2":[0,0],"3":[0,0],"4":[0,0],"5":[0,0]}}
,"/Users/rusiraliyanage/Documents/Sample Assist/Fullstack-challenge/Backend/booking-project-backend/src/appontments/appointments.module.ts": {"path":"/Users/rusiraliyanage/Documents/Sample Assist/Fullstack-challenge/Backend/booking-project-backend/src/appontments/appointments.module.ts","statementMap":{"0":{"start":{"line":1,"column":0},"end":{"line":1,"column":40}},"1":{"start":{"line":2,"column":0},"end":{"line":2,"column":48}},"2":{"start":{"line":3,"column":0},"end":{"line":3,"column":61}},"3":{"start":{"line":4,"column":0},"end":{"line":4,"column":67}},"4":{"start":{"line":5,"column":0},"end":{"line":5,"column":60}},"5":{"start":{"line":6,"column":0},"end":{"line":6,"column":62}},"6":{"start":{"line":7,"column":0},"end":{"line":7,"column":52}},"7":{"start":{"line":8,"column":0},"end":{"line":8,"column":56}},"8":{"start":{"line":18,"column":7},"end":{"line":18,"column":null}},"9":{"start":{"line":18,"column":13},"end":{"line":18,"column":31}},"10":{"start":{"line":18,"column":13},"end":{"line":18,"column":null}}},"fnMap":{},"branchMap":{},"s":{"0":0,"1":0,"2":0,"3":0,"4":0,"5":0,"6":0,"7":0,"8":0,"9":0,"10":0},"f":{},"b":{}}
,"/Users/rusiraliyanage/Documents/Sample Assist/Fullstack-challenge/Backend/booking-project-backend/src/appontments/appointments.service.ts": {"path":"/Users/rusiraliyanage/Documents/Sample Assist/Fullstack-challenge/Backend/booking-project-backend/src/appontments/appointments.service.ts","statementMap":{"0":{"start":{"line":1,"column":0},"end":{"line":1,"column":65}},"1":{"start":{"line":2,"column":0},"end":{"line":2,"column":51}},"2":{"start":{"line":3,"column":0},"end":{"line":3,"column":46}},"3":{"start":{"line":4,"column":0},"end":{"line":4,"column":60}},"4":{"start":{"line":5,"column":0},"end":{"line":5,"column":62}},"5":{"start":{"line":7,"column":0},"end":{"line":7,"column":54}},"6":{"start":{"line":8,"column":0},"end":{"line":8,"column":55}},"7":{"start":{"line":11,"column":7},"end":{"line":181,"column":null}},"8":{"start":{"line":14,"column":12},"end":{"line":14,"column":30}},"9":{"start":{"line":16,"column":12},"end":{"line":16,"column":26}},"10":{"start":{"line":17,"column":12},"end":{"line":17,"column":26}},"11":{"start":{"line":18,"column":37},"end":{"line":18,"column":48}},"12":{"start":{"line":23,"column":20},"end":{"line":23,"column":76}},"13":{"start":{"line":24,"column":4},"end":{"line":24,"column":69}},"14":{"start":{"line":24,"column":18},"end":{"line":24,"column":69}},"15":{"start":{"line":27,"column":25},"end":{"line":27,"column":44}},"16":{"start":{"line":28,"column":20},"end":{"line":28,"column":61}},"17":{"start":{"line":29,"column":18},"end":{"line":29,"column":57}},"18":{"start":{"line":32,"column":20},"end":{"line":37,"column":6}},"19":{"start":{"line":38,"column":4},"end":{"line":38,"column":74}},"20":{"start":{"line":38,"column":17},"end":{"line":38,"column":74}},"21":{"start":{"line":40,"column":18},"end":{"line":40,"column":59}},"22":{"start":{"line":43,"column":24},"end":{"line":50,"column":6}},"23":{"start":{"line":52,"column":18},"end":{"line":52,"column":57}},"24":{"start":{"line":55,"column":27},"end":{"line":64,"column":8}},"25":{"start":{"line":56,"column":6},"end":{"line":64,"column":8}},"26":{"start":{"line":66,"column":4},"end":{"line":73,"column":6}},"27":{"start":{"line":78,"column":25},"end":{"line":82,"column":6}},"28":{"start":{"line":84,"column":27},"end":{"line":93,"column":8}},"29":{"start":{"line":85,"column":6},"end":{"line":93,"column":8}},"30":{"start":{"line":95,"column":4},"end":{"line":102,"column":8}},"31":{"start":{"line":95,"column":39},"end":{"line":102,"column":6}},"32":{"start":{"line":107,"column":20},"end":{"line":107,"column":72}},"33":{"start":{"line":108,"column":4},"end":{"line":108,"column":69}},"34":{"start":{"line":108,"column":18},"end":{"line":108,"column":69}},"35":{"start":{"line":110,"column":18},"end":{"line":110,"column":61}},"36":{"start":{"line":111,"column":4},"end":{"line":111,"column":68}},"37":{"start":{"line":111,"column":16},"end":{"line":111,"column":68}},"38":{"start":{"line":113,"column":28},"end":{"line":113,"column":51}},"39":{"start":{"line":114,"column":19},"end":{"line":114,"column":43}},"40":{"start":{"line":117,"column":22},"end":{"line":117,"column":56}},"41":{"start":{"line":118,"column":20},"end":{"line":118,"column":54}},"42":{"start":{"line":121,"column":23},"end":{"line":121,"column":57}},"43":{"start":{"line":123,"column":21},"end":{"line":124,"column":null}},"44":{"start":{"line":127,"column":18},"end":{"line":129,"column":6}},"45":{"start":{"line":131,"column":20},"end":{"line":134,"column":7}},"46":{"start":{"line":131,"column":38},"end":{"line":134,"column":6}},"47":{"start":{"line":135,"column":4},"end":{"line":135,"column":55}},"48":{"start":{"line":137,"column":32},"end":{"line":137,"column":34}},"49":{"start":{"line":138,"column":20},"end":{"line":138,"column":29}},"50":{"start":{"line":140,"column":16},"end":{"line":145,"column":8}},"51":{"start":{"line":141,"column":6},"end":{"line":145,"column":8}},"52":{"start":{"line":147,"column":4},"end":{"line":176,"column":5}},"53":{"start":{"line":148,"column":22},"end":{"line":148,"column":77}},"54":{"start":{"line":149,"column":6},"end":{"line":149,"column":35}},"55":{"start":{"line":149,"column":29},"end":{"line":149,"column":35}},"56":{"start":{"line":151,"column":23},"end":{"line":155,"column":null}},"57":{"start":{"line":153,"column":10},"end":{"line":155,"column":52}},"58":{"start":{"line":159,"column":6},"end":{"line":172,"column":7}},"59":{"start":{"line":160,"column":8},"end":{"line":160,"column":66}},"60":{"start":{"line":161,"column":8},"end":{"line":161,"column":60}},"61":{"start":{"line":164,"column":8},"end":{"line":166,"column":10}},"62":{"start":{"line":168,"column":8},"end":{"line":171,"column":9}},"63":{"start":{"line":169,"column":10},"end":{"line":169,"column":51}},"64":{"start":{"line":170,"column":10},"end":{"line":170,"column":19}},"65":{"start":{"line":175,"column":6},"end":{"line":175,"column":63}},"66":{"start":{"line":178,"column":4},"end":{"line":178,"column":60}},"67":{"start":{"line":179,"column":4},"end":{"line":179,"column":21}},"68":{"start":{"line":11,"column":13},"end":{"line":11,"column":32}},"69":{"start":{"line":11,"column":13},"end":{"line":181,"column":null}}},"fnMap":{"0":{"name":"(anonymous_4)","decl":{"start":{"line":12,"column":2},"end":{"line":12,"column":null}},"loc":{"start":{"line":18,"column":65},"end":{"line":19,"column":6}}},"1":{"name":"(anonymous_5)","decl":{"start":{"line":22,"column":2},"end":{"line":22,"column":7}},"loc":{"start":{"line":22,"column":64},"end":{"line":74,"column":3}}},"2":{"name":"(anonymous_6)","decl":{"start":{"line":55,"column":27},"end":{"line":55,"column":28}},"loc":{"start":{"line":56,"column":6},"end":{"line":64,"column":8}}},"3":{"name":"(anonymous_7)","decl":{"start":{"line":77,"column":2},"end":{"line":77,"column":7}},"loc":{"start":{"line":77,"column":37},"end":{"line":103,"column":3}}},"4":{"name":"(anonymous_8)","decl":{"start":{"line":84,"column":27},"end":{"line":84,"column":28}},"loc":{"start":{"line":85,"column":6},"end":{"line":93,"column":8}}},"5":{"name":"(anonymous_9)","decl":{"start":{"line":95,"column":28},"end":{"line":95,"column":29}},"loc":{"start":{"line":95,"column":39},"end":{"line":102,"column":6}}},"6":{"name":"(anonymous_10)","decl":{"start":{"line":106,"column":2},"end":{"line":106,"column":7}},"loc":{"start":{"line":106,"column":55},"end":{"line":180,"column":3}}},"7":{"name":"(anonymous_11)","decl":{"start":{"line":131,"column":30},"end":{"line":131,"column":31}},"loc":{"start":{"line":131,"column":38},"end":{"line":134,"column":6}}},"8":{"name":"(anonymous_12)","decl":{"start":{"line":140,"column":16},"end":{"line":140,"column":17}},"loc":{"start":{"line":141,"column":6},"end":{"line":145,"column":8}}},"9":{"name":"(anonymous_13)","decl":{"start":{"line":152,"column":8},"end":{"line":152,"column":9}},"loc":{"start":{"line":153,"column":10},"end":{"line":155,"column":52}}}},"branchMap":{"0":{"loc":{"start":{"line":24,"column":4},"end":{"line":24,"column":69}},"type":"if","locations":[{"start":{"line":24,"column":4},"end":{"line":24,"column":69}},{"start":{},"end":{}}]},"1":{"loc":{"start":{"line":38,"column":4},"end":{"line":38,"column":74}},"type":"if","locations":[{"start":{"line":38,"column":4},"end":{"line":38,"column":74}},{"start":{},"end":{}}]},"2":{"loc":{"start":{"line":108,"column":4},"end":{"line":108,"column":69}},"type":"if","locations":[{"start":{"line":108,"column":4},"end":{"line":108,"column":69}},{"start":{},"end":{}}]},"3":{"loc":{"start":{"line":111,"column":4},"end":{"line":111,"column":68}},"type":"if","locations":[{"start":{"line":111,"column":4},"end":{"line":111,"column":68}},{"start":{},"end":{}}]},"4":{"loc":{"start":{"line":149,"column":6},"end":{"line":149,"column":35}},"type":"if","locations":[{"start":{"line":149,"column":6},"end":{"line":149,"column":35}},{"start":{},"end":{}}]},"5":{"loc":{"start":{"line":153,"column":10},"end":{"line":155,"column":52}},"type":"binary-expr","locations":[{"start":{"line":153,"column":11},"end":{"line":153,"column":31}},{"start":{"line":153,"column":35},"end":{"line":153,"column":52}},{"start":{"line":154,"column":11},"end":{"line":154,"column":28}},{"start":{"line":154,"column":32},"end":{"line":154,"column":48}},{"start":{"line":155,"column":11},"end":{"line":155,"column":31}},{"start":{"line":155,"column":35},"end":{"line":155,"column":51}}]},"6":{"loc":{"start":{"line":159,"column":6},"end":{"line":172,"column":7}},"type":"if","locations":[{"start":{"line":159,"column":6},"end":{"line":172,"column":7}},{"start":{"line":163,"column":13},"end":{"line":172,"column":7}}]},"7":{"loc":{"start":{"line":168,"column":8},"end":{"line":171,"column":9}},"type":"if","locations":[{"start":{"line":168,"column":8},"end":{"line":171,"column":9}},{"start":{},"end":{}}]},"8":{"loc":{"start":{"line":168,"column":12},"end":{"line":168,"column":56}},"type":"binary-expr","locations":[{"start":{"line":168,"column":12},"end":{"line":168,"column":32}},{"start":{"line":168,"column":36},"end":{"line":168,"column":56}}]},"9":{"loc":{"start":{"line":14,"column":30},"end":{"line":14,"column":53}},"type":"cond-expr","locations":[{"start":{"line":14,"column":40},"end":{"line":14,"column":53}},{"start":{"line":14,"column":40},"end":{"line":14,"column":53}}]},"10":{"loc":{"start":{"line":14,"column":30},"end":{"line":14,"column":40}},"type":"binary-expr","locations":[{"start":{"line":14,"column":30},"end":{"line":14,"column":53}},{"start":{"line":14,"column":30},"end":{"line":14,"column":40}}]},"11":{"loc":{"start":{"line":14,"column":40},"end":{"line":16,"column":45}},"type":"cond-expr","locations":[{"start":{"line":16,"column":36},"end":{"line":16,"column":45}},{"start":{"line":16,"column":36},"end":{"line":16,"column":45}}]},"12":{"loc":{"start":{"line":14,"column":40},"end":{"line":16,"column":36}},"type":"binary-expr","locations":[{"start":{"line":14,"column":40},"end":{"line":16,"column":45}},{"start":{"line":16,"column":26},"end":{"line":16,"column":36}}]},"13":{"loc":{"start":{"line":16,"column":36},"end":{"line":17,"column":null}},"type":"cond-expr","locations":[{"start":{"line":17,"column":38},"end":{"line":17,"column":null}},{"start":{"line":17,"column":38},"end":{"line":17,"column":null}}]},"14":{"loc":{"start":{"line":16,"column":36},"end":{"line":17,"column":38}},"type":"binary-expr","locations":[{"start":{"line":16,"column":36},"end":{"line":17,"column":null}},{"start":{"line":17,"column":26},"end":{"line":17,"column":38}}]},"15":{"loc":{"start":{"line":17,"column":38},"end":{"line":18,"column":65}},"type":"cond-expr","locations":[{"start":{"line":18,"column":58},"end":{"line":18,"column":65}},{"start":{"line":18,"column":58},"end":{"line":18,"column":65}}]},"16":{"loc":{"start":{"line":17,"column":38},"end":{"line":18,"column":58}},"type":"binary-expr","locations":[{"start":{"line":17,"column":38},"end":{"line":18,"column":65}},{"start":{"line":18,"column":48},"end":{"line":18,"column":58}}]}},"s":{"0":1,"1":1,"2":1,"3":1,"4":1,"5":1,"6":1,"7":1,"8":0,"9":0,"10":0,"11":0,"12":0,"13":0,"14":0,"15":0,"16":0,"17":0,"18":0,"19":0,"20":0,"21":0,"22":0,"23":0,"24":0,"25":0,"26":0,"27":0,"28":0,"29":0,"30":0,"31":0,"32":0,"33":0,"34":0,"35":0,"36":0,"37":0,"38":0,"39":0,"40":0,"41":0,"42":0,"43":0,"44":0,"45":0,"46":0,"47":0,"48":0,"49":0,"50":0,"51":0,"52":0,"53":0,"54":0,"55":0,"56":0,"57":0,"58":0,"59":0,"60":0,"61":0,"62":0,"63":0,"64":0,"65":0,"66":0,"67":0,"68":1,"69":1},"f":{"0":0,"1":0,"2":0,"3":0,"4":0,"5":0,"6":0,"7":0,"8":0,"9":0},"b":{"0":[0,0],"1":[0,0],"2":[0,0],"3":[0,0],"4":[0,0],"5":[0,0,0,0,0,0],"6":[0,0],"7":[0,0],"8":[0,0],"9":[1,0],"10":[1,1],"11":[1,0],"12":[1,1],"13":[1,0],"14":[1,1],"15":[1,0],"16":[1,1]}}
,"/Users/rusiraliyanage/Documents/Sample Assist/Fullstack-challenge/Backend/booking-project-backend/src/appontments/dto/availability-query.dto.ts": {"path":"/Users/rusiraliyanage/Documents/Sample Assist/Fullstack-challenge/Backend/booking-project-backend/src/appontments/dto/availability-query.dto.ts","statementMap":{"0":{"start":{"line":1,"column":0},"end":{"line":1,"column":55}},"1":{"start":{"line":3,"column":0},"end":{"line":3,"column":13}},"2":{"start":{"line":6,"column":2},"end":{"line":6,"column":null}},"3":{"start":{"line":10,"column":2},"end":{"line":10,"column":16}}},"fnMap":{},"branchMap":{},"s":{"0":0,"1":0,"2":0,"3":0},"f":{},"b":{}}
,"/Users/rusiraliyanage/Documents/Sample Assist/Fullstack-challenge/Backend/booking-project-backend/src/appontments/dto/create-appointment.dto.ts": {"path":"/Users/rusiraliyanage/Documents/Sample Assist/Fullstack-challenge/Backend/booking-project-backend/src/appontments/dto/create-appointment.dto.ts","statementMap":{"0":{"start":{"line":1,"column":0},"end":{"line":1,"column":65}},"1":{"start":{"line":3,"column":0},"end":{"line":3,"column":13}},"2":{"start":{"line":6,"column":2},"end":{"line":6,"column":null}},"3":{"start":{"line":10,"column":2},"end":{"line":10,"column":16}},"4":{"start":{"line":14,"column":2},"end":{"line":14,"column":16}}},"fnMap":{},"branchMap":{},"s":{"0":0,"1":0,"2":0,"3":0,"4":0},"f":{},"b":{}}
,"/Users/rusiraliyanage/Documents/Sample Assist/Fullstack-challenge/Backend/booking-project-backend/src/appontments/entities/appointment.entity.ts": {"path":"/Users/rusiraliyanage/Documents/Sample Assist/Fullstack-challenge/Backend/booking-project-backend/src/appontments/entities/appointment.entity.ts","statementMap":{"0":{"start":{"line":1,"column":0},"end":{"line":1,"column":null}},"1":{"start":{"line":9,"column":0},"end":{"line":9,"column":56}},"2":{"start":{"line":10,"column":0},"end":{"line":10,"column":65}},"3":{"start":{"line":11,"column":0},"end":{"line":11,"column":58}},"4":{"start":{"line":14,"column":7},"end":{"line":49,"column":null}},"5":{"start":{"line":14,"column":13},"end":{"line":14,"column":24}},"6":{"start":{"line":17,"column":2},"end":{"line":17,"column":null}},"7":{"start":{"line":22,"column":2},"end":{"line":22,"column":null}},"8":{"start":{"line":20,"column":19},"end":{"line":20,"column":23}},"9":{"start":{"line":27,"column":2},"end":{"line":27,"column":null}},"10":{"start":{"line":25,"column":19},"end":{"line":25,"column":26}},"11":{"start":{"line":31,"column":2},"end":{"line":31,"column":null}},"12":{"start":{"line":35,"column":2},"end":{"line":35,"column":null}},"13":{"start":{"line":39,"column":2},"end":{"line":39,"column":null}},"14":{"start":{"line":43,"column":2},"end":{"line":43,"column":null}},"15":{"start":{"line":48,"column":2},"end":{"line":48,"column":null}},"16":{"start":{"line":46,"column":19},"end":{"line":46,"column":24}},"17":{"start":{"line":14,"column":13},"end":{"line":49,"column":null}}},"fnMap":{"0":{"name":"(anonymous_2)","decl":{"start":{"line":20,"column":13},"end":{"line":20,"column":16}},"loc":{"start":{"line":20,"column":19},"end":{"line":20,"column":23}}},"1":{"name":"(anonymous_3)","decl":{"start":{"line":25,"column":13},"end":{"line":25,"column":16}},"loc":{"start":{"line":25,"column":19},"end":{"line":25,"column":26}}},"2":{"name":"(anonymous_4)","decl":{"start":{"line":46,"column":13},"end":{"line":46,"column":16}},"loc":{"start":{"line":46,"column":19},"end":{"line":46,"column":24}}}},"branchMap":{"0":{"loc":{"start":{"line":22,"column":12},"end":{"line":22,"column":17}},"type":"cond-expr","locations":[{"start":{"line":22,"column":16},"end":{"line":22,"column":17}},{"start":{"line":22,"column":16},"end":{"line":22,"column":17}}]},"1":{"loc":{"start":{"line":22,"column":12},"end":{"line":22,"column":16}},"type":"binary-expr","locations":[{"start":{"line":22,"column":12},"end":{"line":22,"column":17}},{"start":{"line":22,"column":12},"end":{"line":22,"column":16}}]},"2":{"loc":{"start":{"line":27,"column":11},"end":{"line":27,"column":19}},"type":"cond-expr","locations":[{"start":{"line":27,"column":18},"end":{"line":27,"column":19}},{"start":{"line":27,"column":18},"end":{"line":27,"column":19}}]},"3":{"loc":{"start":{"line":27,"column":11},"end":{"line":27,"column":18}},"type":"binary-expr","locations":[{"start":{"line":27,"column":11},"end":{"line":27,"column":19}},{"start":{"line":27,"column":11},"end":{"line":27,"column":18}}]},"4":{"loc":{"start":{"line":31,"column":11},"end":{"line":31,"column":16}},"type":"cond-expr","locations":[{"start":{"line":31,"column":15},"end":{"line":31,"column":16}},{"start":{"line":31,"column":15},"end":{"line":31,"column":16}}]},"5":{"loc":{"start":{"line":31,"column":11},"end":{"line":31,"column":15}},"type":"binary-expr","locations":[{"start":{"line":31,"column":11},"end":{"line":31,"column":16}},{"start":{"line":31,"column":11},"end":{"line":31,"column":15}}]},"6":{"loc":{"start":{"line":35,"column":9},"end":{"line":35,"column":14}},"type":"cond-expr","locations":[{"start":{"line":35,"column":13},"end":{"line":35,"column":14}},{"start":{"line":35,"column":13},"end":{"line":35,"column":14}}]},"7":{"loc":{"start":{"line":35,"column":9},"end":{"line":35,"column":13}},"type":"binary-expr","locations":[{"start":{"line":35,"column":9},"end":{"line":35,"column":14}},{"start":{"line":35,"column":9},"end":{"line":35,"column":13}}]},"8":{"loc":{"start":{"line":43,"column":13},"end":{"line":43,"column":18}},"type":"cond-expr","locations":[{"start":{"line":43,"column":17},"end":{"line":43,"column":18}},{"start":{"line":43,"column":17},"end":{"line":43,"column":18}}]},"9":{"loc":{"start":{"line":43,"column":13},"end":{"line":43,"column":17}},"type":"binary-expr","locations":[{"start":{"line":43,"column":13},"end":{"line":43,"column":18}},{"start":{"line":43,"column":13},"end":{"line":43,"column":17}}]},"10":{"loc":{"start":{"line":48,"column":9},"end":{"line":48,"column":15}},"type":"cond-expr","locations":[{"start":{"line":48,"column":14},"end":{"line":48,"column":15}},{"start":{"line":48,"column":14},"end":{"line":48,"column":15}}]},"11":{"loc":{"start":{"line":48,"column":9},"end":{"line":48,"column":14}},"type":"binary-expr","locations":[{"start":{"line":48,"column":9},"end":{"line":48,"column":15}},{"start":{"line":48,"column":9},"end":{"line":48,"column":14}}]}},"s":{"0":1,"1":1,"2":1,"3":1,"4":1,"5":1,"6":1,"7":1,"8":0,"9":1,"10":0,"11":1,"12":1,"13":1,"14":1,"15":1,"16":0,"17":1},"f":{"0":0,"1":0,"2":0},"b":{"0":[1,0],"1":[1,1],"2":[1,0],"3":[1,1],"4":[1,0],"5":[1,1],"6":[1,0],"7":[1,1],"8":[1,0],"9":[1,1],"10":[1,0],"11":[1,1]}}
,"/Users/rusiraliyanage/Documents/Sample Assist/Fullstack-challenge/Backend/booking-project-backend/src/auth/auth.controller.ts": {"path":"/Users/rusiraliyanage/Documents/Sample Assist/Fullstack-challenge/Backend/booking-project-backend/src/auth/auth.controller.ts","statementMap":{"0":{"start":{"line":1,"column":0},"end":{"line":1,"column":76}},"1":{"start":{"line":2,"column":0},"end":{"line":2,"column":45}},"2":{"start":{"line":3,"column":0},"end":{"line":3,"column":59}},"3":{"start":{"line":4,"column":0},"end":{"line":4,"column":49}},"4":{"start":{"line":9,"column":7},"end":{"line":25,"column":null}},"5":{"start":{"line":10,"column":22},"end":{"line":10,"column":35}},"6":{"start":{"line":17,"column":4},"end":{"line":17,"column":44}},"7":{"start":{"line":23,"column":4},"end":{"line":23,"column":42}},"8":{"start":{"line":9,"column":13},"end":{"line":9,"column":27}},"9":{"start":{"line":15,"column":2},"end":{"line":18,"column":null}},"10":{"start":{"line":22,"column":2},"end":{"line":24,"column":null}},"11":{"start":{"line":9,"column":13},"end":{"line":25,"column":null}}},"fnMap":{"0":{"name":"(anonymous_4)","decl":{"start":{"line":10,"column":2},"end":{"line":10,"column":22}},"loc":{"start":{"line":10,"column":46},"end":{"line":10,"column":50}}},"1":{"name":"(anonymous_5)","decl":{"start":{"line":15,"column":2},"end":{"line":15,"column":7}},"loc":{"start":{"line":15,"column":22},"end":{"line":18,"column":3}}},"2":{"name":"(anonymous_6)","decl":{"start":{"line":22,"column":2},"end":{"line":22,"column":10}},"loc":{"start":{"line":22,"column":35},"end":{"line":24,"column":3}}}},"branchMap":{"0":{"loc":{"start":{"line":22,"column":24},"end":{"line":22,"column":null}},"type":"cond-expr","locations":[{"start":{"line":22,"column":35},"end":{"line":22,"column":null}},{"start":{"line":22,"column":35},"end":{"line":22,"column":null}}]},"1":{"loc":{"start":{"line":22,"column":24},"end":{"line":22,"column":35}},"type":"binary-expr","locations":[{"start":{"line":22,"column":24},"end":{"line":22,"column":null}},{"start":{"line":22,"column":24},"end":{"line":22,"column":35}}]},"2":{"loc":{"start":{"line":10,"column":35},"end":{"line":10,"column":49}},"type":"cond-expr","locations":[{"start":{"line":10,"column":46},"end":{"line":10,"column":49}},{"start":{"line":10,"column":46},"end":{"line":10,"column":49}}]},"3":{"loc":{"start":{"line":10,"column":35},"end":{"line":10,"column":46}},"type":"binary-expr","locations":[{"start":{"line":10,"column":35},"end":{"line":10,"column":49}},{"start":{"line":10,"column":35},"end":{"line":10,"column":46}}]}},"s":{"0":0,"1":0,"2":0,"3":0,"4":0,"5":0,"6":0,"7":0,"8":0,"9":0,"10":0,"11":0},"f":{"0":0,"1":0,"2":0},"b":{"0":[0,0],"1":[0,0],"2":[0,0],"3":[0,0]}}
,"/Users/rusiraliyanage/Documents/Sample Assist/Fullstack-challenge/Backend/booking-project-backend/src/auth/auth.module.ts": {"path":"/Users/rusiraliyanage/Documents/Sample Assist/Fullstack-challenge/Backend/booking-project-backend/src/auth/auth.module.ts","statementMap":{"0":{"start":{"line":1,"column":0},"end":{"line":1,"column":40}},"1":{"start":{"line":2,"column":0},"end":{"line":2,"column":45}},"2":{"start":{"line":3,"column":0},"end":{"line":3,"column":51}},"3":{"start":{"line":4,"column":0},"end":{"line":4,"column":52}},"4":{"start":{"line":5,"column":0},"end":{"line":5,"column":50}},"5":{"start":{"line":6,"column":0},"end":{"line":6,"column":40}},"6":{"start":{"line":7,"column":0},"end":{"line":7,"column":61}},"7":{"start":{"line":8,"column":0},"end":{"line":8,"column":60}},"8":{"start":{"line":9,"column":0},"end":{"line":9,"column":56}},"9":{"start":{"line":31,"column":7},"end":{"line":31,"column":null}},"10":{"start":{"line":31,"column":13},"end":{"line":31,"column":23}},"11":{"start":{"line":31,"column":13},"end":{"line":31,"column":null}},"12":{"start":{"line":21,"column":46},"end":{"line":24,"column":8}}},"fnMap":{"0":{"name":"(anonymous_1)","decl":{"start":{"line":21,"column":18},"end":{"line":21,"column":19}},"loc":{"start":{"line":21,"column":46},"end":{"line":24,"column":8}}}},"branchMap":{},"s":{"0":0,"1":0,"2":0,"3":0,"4":0,"5":0,"6":0,"7":0,"8":0,"9":0,"10":0,"11":0,"12":0},"f":{"0":0},"b":{}}
,"/Users/rusiraliyanage/Documents/Sample Assist/Fullstack-challenge/Backend/booking-project-backend/src/auth/auth.service.ts": {"path":"/Users/rusiraliyanage/Documents/Sample Assist/Fullstack-challenge/Backend/booking-project-backend/src/auth/auth.service.ts","statementMap":{"0":{"start":{"line":1,"column":0},"end":{"line":1,"column":65}},"1":{"start":{"line":2,"column":0},"end":{"line":2,"column":41}},"2":{"start":{"line":3,"column":0},"end":{"line":3,"column":54}},"3":{"start":{"line":4,"column":0},"end":{"line":4,"column":33}},"4":{"start":{"line":6,"column":0},"end":{"line":6,"column":57}},"5":{"start":{"line":11,"column":7},"end":{"line":62,"column":null}},"6":{"start":{"line":13,"column":12},"end":{"line":13,"column":26}},"7":{"start":{"line":14,"column":12},"end":{"line":14,"column":24}},"8":{"start":{"line":19,"column":17},"end":{"line":19,"column":59}},"9":{"start":{"line":21,"column":4},"end":{"line":25,"column":5}},"10":{"start":{"line":23,"column":42},"end":{"line":23,"column":46}},"11":{"start":{"line":24,"column":6},"end":{"line":24,"column":20}},"12":{"start":{"line":26,"column":4},"end":{"line":26,"column":16}},"13":{"start":{"line":32,"column":20},"end":{"line":32,"column":72}},"14":{"start":{"line":33,"column":4},"end":{"line":35,"column":6}},"15":{"start":{"line":40,"column":21},"end":{"line":40,"column":67}},"16":{"start":{"line":41,"column":4},"end":{"line":41,"column":72}},"17":{"start":{"line":41,"column":18},"end":{"line":41,"column":72}},"18":{"start":{"line":43,"column":23},"end":{"line":43,"column":25}},"19":{"start":{"line":45,"column":25},"end":{"line":45,"column":68}},"20":{"start":{"line":47,"column":20},"end":{"line":52,"column":6}},"21":{"start":{"line":55,"column":20},"end":{"line":59,"column":6}},"22":{"start":{"line":60,"column":4},"end":{"line":60,"column":59}},"23":{"start":{"line":11,"column":13},"end":{"line":11,"column":24}},"24":{"start":{"line":11,"column":13},"end":{"line":62,"column":null}}},"fnMap":{"0":{"name":"(anonymous_11)","decl":{"start":{"line":12,"column":2},"end":{"line":12,"column":null}},"loc":{"start":{"line":14,"column":34},"end":{"line":15,"column":6}}},"1":{"name":"(anonymous_12)","decl":{"start":{"line":18,"column":2},"end":{"line":18,"column":7}},"loc":{"start":{"line":18,"column":48},"end":{"line":27,"column":3}}},"2":{"name":"(anonymous_13)","decl":{"start":{"line":30,"column":2},"end":{"line":30,"column":7}},"loc":{"start":{"line":30,"column":17},"end":{"line":36,"column":3}}},"3":{"name":"(anonymous_14)","decl":{"start":{"line":39,"column":2},"end":{"line":39,"column":7}},"loc":{"start":{"line":39,"column":33},"end":{"line":61,"column":3}}}},"branchMap":{"0":{"loc":{"start":{"line":21,"column":4},"end":{"line":25,"column":5}},"type":"if","locations":[{"start":{"line":21,"column":4},"end":{"line":25,"column":5}},{"start":{},"end":{}}]},"1":{"loc":{"start":{"line":21,"column":8},"end":{"line":21,"column":63}},"type":"binary-expr","locations":[{"start":{"line":21,"column":8},"end":{"line":21,"column":12}},{"start":{"line":21,"column":17},"end":{"line":21,"column":62}}]},"2":{"loc":{"start":{"line":41,"column":4},"end":{"line":41,"column":72}},"type":"if","locations":[{"start":{"line":41,"column":4},"end":{"line":41,"column":72}},{"start":{},"end":{}}]},"3":{"loc":{"start":{"line":13,"column":26},"end":{"line":13,"column":null}},"type":"cond-expr","locations":[{"start":{"line":13,"column":38},"end":{"line":13,"column":null}},{"start":{"line":13,"column":38},"end":{"line":13,"column":null}}]},"4":{"loc":{"start":{"line":13,"column":26},"end":{"line":13,"column":38}},"type":"binary-expr","locations":[{"start":{"line":13,"column":26},"end":{"line":13,"column":null}},{"start":{"line":13,"column":26},"end":{"line":13,"column":38}}]},"5":{"loc":{"start":{"line":13,"column":38},"end":{"line":14,"column":null}},"type":"cond-expr","locations":[{"start":{"line":14,"column":34},"end":{"line":14,"column":null}},{"start":{"line":14,"column":34},"end":{"line":14,"column":null}}]},"6":{"loc":{"start":{"line":13,"column":38},"end":{"line":14,"column":34}},"type":"binary-expr","locations":[{"start":{"line":13,"column":38},"end":{"line":14,"column":null}},{"start":{"line":14,"column":24},"end":{"line":14,"column":34}}]}},"s":{"0":0,"1":0,"2":0,"3":0,"4":0,"5":0,"6":0,"7":0,"8":0,"9":0,"10":0,"11":0,"12":0,"13":0,"14":0,"15":0,"16":0,"17":0,"18":0,"19":0,"20":0,"21":0,"22":0,"23":0,"24":0},"f":{"0":0,"1":0,"2":0,"3":0},"b":{"0":[0,0],"1":[0,0],"2":[0,0],"3":[0,0],"4":[0,0],"5":[0,0],"6":[0,0]}}
,"/Users/rusiraliyanage/Documents/Sample Assist/Fullstack-challenge/Backend/booking-project-backend/src/auth/dto/login.dto.ts": {"path":"/Users/rusiraliyanage/Documents/Sample Assist/Fullstack-challenge/Backend/booking-project-backend/src/auth/dto/login.dto.ts","statementMap":{"0":{"start":{"line":1,"column":0},"end":{"line":1,"column":52}},"1":{"start":{"line":5,"column":0},"end":{"line":5,"column":13}},"2":{"start":{"line":8,"column":2},"end":{"line":8,"column":null}},"3":{"start":{"line":12,"column":2},"end":{"line":12,"column":null}}},"fnMap":{},"branchMap":{},"s":{"0":0,"1":0,"2":0,"3":0},"f":{},"b":{}}
,"/Users/rusiraliyanage/Documents/Sample Assist/Fullstack-challenge/Backend/booking-project-backend/src/auth/dto/register.dto.ts": {"path":"/Users/rusiraliyanage/Documents/Sample Assist/Fullstack-challenge/Backend/booking-project-backend/src/auth/dto/register.dto.ts","statementMap":{"0":{"start":{"line":1,"column":0},"end":{"line":1,"column":63}},"1":{"start":{"line":5,"column":0},"end":{"line":5,"column":13}},"2":{"start":{"line":8,"column":2},"end":{"line":8,"column":null}},"3":{"start":{"line":13,"column":2},"end":{"line":13,"column":null}}},"fnMap":{},"branchMap":{},"s":{"0":0,"1":0,"2":0,"3":0},"f":{},"b":{}}
,"/Users/rusiraliyanage/Documents/Sample Assist/Fullstack-challenge/Backend/booking-project-backend/src/auth/guards/jwt-auth.guard.ts": {"path":"/Users/rusiraliyanage/Documents/Sample Assist/Fullstack-challenge/Backend/booking-project-backend/src/auth/guards/jwt-auth.guard.ts","statementMap":{"0":{"start":{"line":1,"column":0},"end":{"line":1,"column":44}},"1":{"start":{"line":2,"column":0},"end":{"line":2,"column":45}},"2":{"start":{"line":7,"column":7},"end":{"line":7,"column":null}},"3":{"start":{"line":7,"column":13},"end":{"line":7,"column":25}},"4":{"start":{"line":7,"column":13},"end":{"line":7,"column":null}}},"fnMap":{},"branchMap":{},"s":{"0":0,"1":0,"2":0,"3":0,"4":0},"f":{},"b":{}}
,"/Users/rusiraliyanage/Documents/Sample Assist/Fullstack-challenge/Backend/booking-project-backend/src/auth/guards/local-auth.guard.ts": {"path":"/Users/rusiraliyanage/Documents/Sample Assist/Fullstack-challenge/Backend/booking-project-backend/src/auth/guards/local-auth.guard.ts","statementMap":{"0":{"start":{"line":1,"column":0},"end":{"line":1,"column":44}},"1":{"start":{"line":2,"column":0},"end":{"line":2,"column":45}},"2":{"start":{"line":7,"column":7},"end":{"line":7,"column":null}},"3":{"start":{"line":7,"column":13},"end":{"line":7,"column":27}},"4":{"start":{"line":7,"column":13},"end":{"line":7,"column":null}}},"fnMap":{},"branchMap":{},"s":{"0":0,"1":0,"2":0,"3":0,"4":0},"f":{},"b":{}}
,"/Users/rusiraliyanage/Documents/Sample Assist/Fullstack-challenge/Backend/booking-project-backend/src/auth/stretegies/jwt.stretegy.ts": {"path":"/Users/rusiraliyanage/Documents/Sample Assist/Fullstack-challenge/Backend/booking-project-backend/src/auth/stretegies/jwt.stretegy.ts","statementMap":{"0":{"start":{"line":1,"column":0},"end":{"line":1,"column":44}},"1":{"start":{"line":2,"column":0},"end":{"line":2,"column":52}},"2":{"start":{"line":3,"column":0},"end":{"line":3,"column":52}},"3":{"start":{"line":4,"column":0},"end":{"line":4,"column":47}},"4":{"start":{"line":9,"column":7},"end":{"line":27,"column":null}},"5":{"start":{"line":11,"column":4},"end":{"line":19,"column":7}},"6":{"start":{"line":17,"column":10},"end":{"line":17,"column":55}},"7":{"start":{"line":25,"column":4},"end":{"line":25,"column":77}},"8":{"start":{"line":9,"column":13},"end":{"line":9,"column":24}},"9":{"start":{"line":9,"column":13},"end":{"line":27,"column":null}}},"fnMap":{"0":{"name":"(anonymous_2)","decl":{"start":{"line":10,"column":2},"end":{"line":10,"column":14}},"loc":{"start":{"line":10,"column":35},"end":{"line":20,"column":3}}},"1":{"name":"(anonymous_3)","decl":{"start":{"line":16,"column":9},"end":{"line":16,"column":12}},"loc":{"start":{"line":16,"column":14},"end":{"line":18,"column":9}}},"2":{"name":"(anonymous_4)","decl":{"start":{"line":23,"column":2},"end":{"line":23,"column":10}},"loc":{"start":{"line":23,"column":64},"end":{"line":26,"column":3}}}},"branchMap":{"0":{"loc":{"start":{"line":15,"column":8},"end":{"line":18,"column":12}},"type":"binary-expr","locations":[{"start":{"line":15,"column":8},"end":{"line":15,"column":40}},{"start":{"line":16,"column":8},"end":{"line":18,"column":12}}]},"1":{"loc":{"start":{"line":10,"column":22},"end":{"line":10,"column":null}},"type":"cond-expr","locations":[{"start":{"line":10,"column":35},"end":{"line":10,"column":null}},{"start":{"line":10,"column":35},"end":{"line":10,"column":null}}]},"2":{"loc":{"start":{"line":10,"column":22},"end":{"line":10,"column":35}},"type":"binary-expr","locations":[{"start":{"line":10,"column":22},"end":{"line":10,"column":null}},{"start":{"line":10,"column":22},"end":{"line":10,"column":35}}]}},"s":{"0":0,"1":0,"2":0,"3":0,"4":0,"5":0,"6":0,"7":0,"8":0,"9":0},"f":{"0":0,"1":0,"2":0},"b":{"0":[0,0],"1":[0,0],"2":[0,0]}}
,"/Users/rusiraliyanage/Documents/Sample Assist/Fullstack-challenge/Backend/booking-project-backend/src/auth/stretegies/local.stretegy.ts": {"path":"/Users/rusiraliyanage/Documents/Sample Assist/Fullstack-challenge/Backend/booking-project-backend/src/auth/stretegies/local.stretegy.ts","statementMap":{"0":{"start":{"line":1,"column":0},"end":{"line":1,"column":67}},"1":{"start":{"line":2,"column":0},"end":{"line":2,"column":52}},"2":{"start":{"line":3,"column":0},"end":{"line":3,"column":42}},"3":{"start":{"line":4,"column":0},"end":{"line":4,"column":46}},"4":{"start":{"line":9,"column":7},"end":{"line":23,"column":null}},"5":{"start":{"line":11,"column":4},"end":{"line":11,"column":38}},"6":{"start":{"line":10,"column":22},"end":{"line":10,"column":35}},"7":{"start":{"line":16,"column":17},"end":{"line":16,"column":69}},"8":{"start":{"line":17,"column":4},"end":{"line":19,"column":5}},"9":{"start":{"line":18,"column":6},"end":{"line":18,"column":61}},"10":{"start":{"line":21,"column":4},"end":{"line":21,"column":16}},"11":{"start":{"line":9,"column":13},"end":{"line":9,"column":26}},"12":{"start":{"line":9,"column":13},"end":{"line":23,"column":null}}},"fnMap":{"0":{"name":"(anonymous_2)","decl":{"start":{"line":10,"column":2},"end":{"line":10,"column":22}},"loc":{"start":{"line":10,"column":46},"end":{"line":12,"column":3}}},"1":{"name":"(anonymous_3)","decl":{"start":{"line":14,"column":2},"end":{"line":14,"column":7}},"loc":{"start":{"line":14,"column":48},"end":{"line":22,"column":3}}}},"branchMap":{"0":{"loc":{"start":{"line":17,"column":4},"end":{"line":19,"column":5}},"type":"if","locations":[{"start":{"line":17,"column":4},"end":{"line":19,"column":5}},{"start":{},"end":{}}]},"1":{"loc":{"start":{"line":10,"column":35},"end":{"line":10,"column":null}},"type":"cond-expr","locations":[{"start":{"line":10,"column":46},"end":{"line":10,"column":null}},{"start":{"line":10,"column":46},"end":{"line":10,"column":null}}]},"2":{"loc":{"start":{"line":10,"column":35},"end":{"line":10,"column":46}},"type":"binary-expr","locations":[{"start":{"line":10,"column":35},"end":{"line":10,"column":null}},{"start":{"line":10,"column":35},"end":{"line":10,"column":46}}]}},"s":{"0":0,"1":0,"2":0,"3":0,"4":0,"5":0,"6":0,"7":0,"8":0,"9":0,"10":0,"11":0,"12":0},"f":{"0":0,"1":0},"b":{"0":[0,0],"1":[0,0],"2":[0,0]}}
,"/Users/rusiraliyanage/Documents/Sample Assist/Fullstack-challenge/Backend/booking-project-backend/src/database/database.module.ts": {"path":"/Users/rusiraliyanage/Documents/Sample Assist/Fullstack-challenge/Backend/booking-project-backend/src/database/database.module.ts","statementMap":{"0":{"start":{"line":1,"column":0},"end":{"line":1,"column":40}},"1":{"start":{"line":2,"column":0},"end":{"line":2,"column":48}},"2":{"start":{"line":3,"column":0},"end":{"line":3,"column":61}},"3":{"start":{"line":27,"column":7},"end":{"line":27,"column":null}},"4":{"start":{"line":27,"column":13},"end":{"line":27,"column":27}},"5":{"start":{"line":27,"column":13},"end":{"line":27,"column":null}},"6":{"start":{"line":13,"column":46},"end":{"line":23,"column":8}}},"fnMap":{"0":{"name":"(anonymous_1)","decl":{"start":{"line":13,"column":18},"end":{"line":13,"column":19}},"loc":{"start":{"line":13,"column":46},"end":{"line":23,"column":8}}}},"branchMap":{},"s":{"0":0,"1":0,"2":0,"3":0,"4":0,"5":0,"6":0},"f":{"0":0},"b":{}}
,"/Users/rusiraliyanage/Documents/Sample Assist/Fullstack-challenge/Backend/booking-project-backend/src/services/services.controller.ts": {"path":"/Users/rusiraliyanage/Documents/Sample Assist/Fullstack-challenge/Backend/booking-project-backend/src/services/services.controller.ts","statementMap":{"0":{"start":{"line":1,"column":0},"end":{"line":1,"column":56}},"1":{"start":{"line":2,"column":0},"end":{"line":2,"column":53}},"2":{"start":{"line":8,"column":7},"end":{"line":22,"column":null}},"3":{"start":{"line":9,"column":31},"end":{"line":9,"column":48}},"4":{"start":{"line":14,"column":4},"end":{"line":14,"column":42}},"5":{"start":{"line":20,"column":4},"end":{"line":20,"column":44}},"6":{"start":{"line":8,"column":13},"end":{"line":8,"column":31}},"7":{"start":{"line":13,"column":8},"end":{"line":15,"column":null}},"8":{"start":{"line":19,"column":8},"end":{"line":21,"column":null}},"9":{"start":{"line":8,"column":13},"end":{"line":22,"column":null}}},"fnMap":{"0":{"name":"(anonymous_4)","decl":{"start":{"line":9,"column":2},"end":{"line":9,"column":31}},"loc":{"start":{"line":9,"column":63},"end":{"line":9,"column":67}}},"1":{"name":"(anonymous_5)","decl":{"start":{"line":13,"column":8},"end":{"line":13,"column":15}},"loc":{"start":{"line":13,"column":15},"end":{"line":15,"column":3}}},"2":{"name":"(anonymous_6)","decl":{"start":{"line":19,"column":8},"end":{"line":19,"column":15}},"loc":{"start":{"line":19,"column":39},"end":{"line":21,"column":3}}}},"branchMap":{"0":{"loc":{"start":{"line":13,"column":19},"end":{"line":13,"column":null}},"type":"cond-expr","locations":[{"start":{"line":13,"column":26},"end":{"line":13,"column":null}},{"start":{"line":13,"column":26},"end":{"line":13,"column":null}}]},"1":{"loc":{"start":{"line":13,"column":19},"end":{"line":13,"column":26}},"type":"binary-expr","locations":[{"start":{"line":13,"column":19},"end":{"line":13,"column":null}},{"start":{"line":13,"column":19},"end":{"line":13,"column":26}}]},"2":{"loc":{"start":{"line":19,"column":42},"end":{"line":19,"column":null}},"type":"cond-expr","locations":[{"start":{"line":19,"column":49},"end":{"line":19,"column":null}},{"start":{"line":19,"column":49},"end":{"line":19,"column":null}}]},"3":{"loc":{"start":{"line":19,"column":42},"end":{"line":19,"column":49}},"type":"binary-expr","locations":[{"start":{"line":19,"column":42},"end":{"line":19,"column":null}},{"start":{"line":19,"column":42},"end":{"line":19,"column":49}}]},"4":{"loc":{"start":{"line":9,"column":48},"end":{"line":9,"column":66}},"type":"cond-expr","locations":[{"start":{"line":9,"column":63},"end":{"line":9,"column":66}},{"start":{"line":9,"column":63},"end":{"line":9,"column":66}}]},"5":{"loc":{"start":{"line":9,"column":48},"end":{"line":9,"column":63}},"type":"binary-expr","locations":[{"start":{"line":9,"column":48},"end":{"line":9,"column":66}},{"start":{"line":9,"column":48},"end":{"line":9,"column":63}}]}},"s":{"0":0,"1":0,"2":0,"3":0,"4":0,"5":0,"6":0,"7":0,"8":0,"9":0},"f":{"0":0,"1":0,"2":0},"b":{"0":[0,0],"1":[0,0],"2":[0,0],"3":[0,0],"4":[0,0],"5":[0,0]}}
,"/Users/rusiraliyanage/Documents/Sample Assist/Fullstack-challenge/Backend/booking-project-backend/src/services/services.module.ts": {"path":"/Users/rusiraliyanage/Documents/Sample Assist/Fullstack-challenge/Backend/booking-project-backend/src/services/services.module.ts","statementMap":{"0":{"start":{"line":1,"column":0},"end":{"line":1,"column":40}},"1":{"start":{"line":2,"column":0},"end":{"line":2,"column":48}},"2":{"start":{"line":3,"column":0},"end":{"line":3,"column":53}},"3":{"start":{"line":4,"column":0},"end":{"line":4,"column":59}},"4":{"start":{"line":5,"column":0},"end":{"line":5,"column":52}},"5":{"start":{"line":13,"column":7},"end":{"line":13,"column":null}},"6":{"start":{"line":13,"column":13},"end":{"line":13,"column":27}},"7":{"start":{"line":13,"column":13},"end":{"line":13,"column":null}}},"fnMap":{},"branchMap":{},"s":{"0":0,"1":0,"2":0,"3":0,"4":0,"5":0,"6":0,"7":0},"f":{},"b":{}}
,"/Users/rusiraliyanage/Documents/Sample Assist/Fullstack-challenge/Backend/booking-project-backend/src/services/services.service.ts": {"path":"/Users/rusiraliyanage/Documents/Sample Assist/Fullstack-challenge/Backend/booking-project-backend/src/services/services.service.ts","statementMap":{"0":{"start":{"line":1,"column":0},"end":{"line":1,"column":44}},"1":{"start":{"line":2,"column":0},"end":{"line":2,"column":51}},"2":{"start":{"line":3,"column":0},"end":{"line":3,"column":37}},"3":{"start":{"line":4,"column":0},"end":{"line":4,"column":52}},"4":{"start":{"line":7,"column":7},"end":{"line":22,"column":null}},"5":{"start":{"line":10,"column":12},"end":{"line":10,"column":25}},"6":{"start":{"line":15,"column":4},"end":{"line":15,"column":64}},"7":{"start":{"line":20,"column":4},"end":{"line":20,"column":55}},"8":{"start":{"line":7,"column":13},"end":{"line":7,"column":28}},"9":{"start":{"line":7,"column":13},"end":{"line":22,"column":null}}},"fnMap":{"0":{"name":"(anonymous_4)","decl":{"start":{"line":8,"column":2},"end":{"line":8,"column":null}},"loc":{"start":{"line":10,"column":44},"end":{"line":11,"column":6}}},"1":{"name":"(anonymous_5)","decl":{"start":{"line":14,"column":2},"end":{"line":14,"column":9}},"loc":{"start":{"line":14,"column":9},"end":{"line":16,"column":3}}},"2":{"name":"(anonymous_6)","decl":{"start":{"line":19,"column":2},"end":{"line":19,"column":9}},"loc":{"start":{"line":19,"column":20},"end":{"line":21,"column":3}}}},"branchMap":{"0":{"loc":{"start":{"line":10,"column":25},"end":{"line":10,"column":44}},"type":"cond-expr","locations":[{"start":{"line":10,"column":35},"end":{"line":10,"column":44}},{"start":{"line":10,"column":35},"end":{"line":10,"column":44}}]},"1":{"loc":{"start":{"line":10,"column":25},"end":{"line":10,"column":35}},"type":"binary-expr","locations":[{"start":{"line":10,"column":25},"end":{"line":10,"column":44}},{"start":{"line":10,"column":25},"end":{"line":10,"column":35}}]}},"s":{"0":0,"1":0,"2":0,"3":0,"4":0,"5":0,"6":0,"7":0,"8":0,"9":0},"f":{"0":0,"1":0,"2":0},"b":{"0":[0,0],"1":[0,0]}}
,"/Users/rusiraliyanage/Documents/Sample Assist/Fullstack-challenge/Backend/booking-project-backend/src/services/entities/service.entity.ts": {"path":"/Users/rusiraliyanage/Documents/Sample Assist/Fullstack-challenge/Backend/booking-project-backend/src/services/entities/service.entity.ts","statementMap":{"0":{"start":{"line":1,"column":0},"end":{"line":1,"column":null}},"1":{"start":{"line":11,"column":7},"end":{"line":31,"column":null}},"2":{"start":{"line":11,"column":13},"end":{"line":11,"column":20}},"3":{"start":{"line":14,"column":2},"end":{"line":14,"column":null}},"4":{"start":{"line":18,"column":2},"end":{"line":18,"column":null}},"5":{"start":{"line":22,"column":2},"end":{"line":22,"column":null}},"6":{"start":{"line":26,"column":2},"end":{"line":26,"column":null}},"7":{"start":{"line":30,"column":2},"end":{"line":30,"column":null}},"8":{"start":{"line":11,"column":13},"end":{"line":31,"column":null}}},"fnMap":{},"branchMap":{"0":{"loc":{"start":{"line":30,"column":13},"end":{"line":30,"column":18}},"type":"cond-expr","locations":[{"start":{"line":30,"column":17},"end":{"line":30,"column":18}},{"start":{"line":30,"column":17},"end":{"line":30,"column":18}}]},"1":{"loc":{"start":{"line":30,"column":13},"end":{"line":30,"column":17}},"type":"binary-expr","locations":[{"start":{"line":30,"column":13},"end":{"line":30,"column":18}},{"start":{"line":30,"column":13},"end":{"line":30,"column":17}}]}},"s":{"0":1,"1":1,"2":1,"3":1,"4":1,"5":1,"6":1,"7":1,"8":1},"f":{},"b":{"0":[1,0],"1":[1,1]}}
,"/Users/rusiraliyanage/Documents/Sample Assist/Fullstack-challenge/Backend/booking-project-backend/src/staff/staff.controller.ts": {"path":"/Users/rusiraliyanage/Documents/Sample Assist/Fullstack-challenge/Backend/booking-project-backend/src/staff/staff.controller.ts","statementMap":{"0":{"start":{"line":1,"column":0},"end":{"line":1,"column":56}},"1":{"start":{"line":2,"column":0},"end":{"line":2,"column":47}},"2":{"start":{"line":6,"column":7},"end":{"line":20,"column":null}},"3":{"start":{"line":7,"column":31},"end":{"line":7,"column":45}},"4":{"start":{"line":12,"column":4},"end":{"line":12,"column":39}},"5":{"start":{"line":18,"column":4},"end":{"line":18,"column":41}},"6":{"start":{"line":6,"column":13},"end":{"line":6,"column":28}},"7":{"start":{"line":11,"column":2},"end":{"line":13,"column":null}},"8":{"start":{"line":17,"column":2},"end":{"line":19,"column":null}},"9":{"start":{"line":6,"column":13},"end":{"line":20,"column":null}}},"fnMap":{"0":{"name":"(anonymous_4)","decl":{"start":{"line":7,"column":2},"end":{"line":7,"column":31}},"loc":{"start":{"line":7,"column":57},"end":{"line":7,"column":61}}},"1":{"name":"(anonymous_5)","decl":{"start":{"line":11,"column":2},"end":{"line":11,"column":9}},"loc":{"start":{"line":11,"column":9},"end":{"line":13,"column":3}}},"2":{"name":"(anonymous_6)","decl":{"start":{"line":17,"column":2},"end":{"line":17,"column":9}},"loc":{"start":{"line":17,"column":33},"end":{"line":19,"column":3}}}},"branchMap":{"0":{"loc":{"start":{"line":11,"column":13},"end":{"line":11,"column":null}},"type":"cond-expr","locations":[{"start":{"line":11,"column":20},"end":{"line":11,"column":null}},{"start":{"line":11,"column":20},"end":{"line":11,"column":null}}]},"1":{"loc":{"start":{"line":11,"column":13},"end":{"line":11,"column":20}},"type":"binary-expr","locations":[{"start":{"line":11,"column":13},"end":{"line":11,"column":null}},{"start":{"line":11,"column":13},"end":{"line":11,"column":20}}]},"2":{"loc":{"start":{"line":17,"column":36},"end":{"line":17,"column":null}},"type":"cond-expr","locations":[{"start":{"line":17,"column":43},"end":{"line":17,"column":null}},{"start":{"line":17,"column":43},"end":{"line":17,"column":null}}]},"3":{"loc":{"start":{"line":17,"column":36},"end":{"line":17,"column":43}},"type":"binary-expr","locations":[{"start":{"line":17,"column":36},"end":{"line":17,"column":null}},{"start":{"line":17,"column":36},"end":{"line":17,"column":43}}]},"4":{"loc":{"start":{"line":7,"column":45},"end":{"line":7,"column":60}},"type":"cond-expr","locations":[{"start":{"line":7,"column":57},"end":{"line":7,"column":60}},{"start":{"line":7,"column":57},"end":{"line":7,"column":60}}]},"5":{"loc":{"start":{"line":7,"column":45},"end":{"line":7,"column":57}},"type":"binary-expr","locations":[{"start":{"line":7,"column":45},"end":{"line":7,"column":60}},{"start":{"line":7,"column":45},"end":{"line":7,"column":57}}]}},"s":{"0":0,"1":0,"2":0,"3":0,"4":0,"5":0,"6":0,"7":0,"8":0,"9":0},"f":{"0":0,"1":0,"2":0},"b":{"0":[0,0],"1":[0,0],"2":[0,0],"3":[0,0],"4":[0,0],"5":[0,0]}}
,"/Users/rusiraliyanage/Documents/Sample Assist/Fullstack-challenge/Backend/booking-project-backend/src/staff/staff.module.ts": {"path":"/Users/rusiraliyanage/Documents/Sample Assist/Fullstack-challenge/Backend/booking-project-backend/src/staff/staff.module.ts","statementMap":{"0":{"start":{"line":1,"column":0},"end":{"line":1,"column":40}},"1":{"start":{"line":2,"column":0},"end":{"line":2,"column":48}},"2":{"start":{"line":3,"column":0},"end":{"line":3,"column":48}},"3":{"start":{"line":4,"column":0},"end":{"line":4,"column":47}},"4":{"start":{"line":5,"column":0},"end":{"line":5,"column":53}},"5":{"start":{"line":13,"column":7},"end":{"line":13,"column":null}},"6":{"start":{"line":13,"column":13},"end":{"line":13,"column":24}},"7":{"start":{"line":13,"column":13},"end":{"line":13,"column":null}}},"fnMap":{},"branchMap":{},"s":{"0":0,"1":0,"2":0,"3":0,"4":0,"5":0,"6":0,"7":0},"f":{},"b":{}}
,"/Users/rusiraliyanage/Documents/Sample Assist/Fullstack-challenge/Backend/booking-project-backend/src/staff/staff.service.ts": {"path":"/Users/rusiraliyanage/Documents/Sample Assist/Fullstack-challenge/Backend/booking-project-backend/src/staff/staff.service.ts","statementMap":{"0":{"start":{"line":1,"column":0},"end":{"line":1,"column":44}},"1":{"start":{"line":2,"column":0},"end":{"line":2,"column":51}},"2":{"start":{"line":3,"column":0},"end":{"line":3,"column":37}},"3":{"start":{"line":4,"column":0},"end":{"line":4,"column":48}},"4":{"start":{"line":7,"column":7},"end":{"line":35,"column":null}},"5":{"start":{"line":10,"column":12},"end":{"line":10,"column":23}},"6":{"start":{"line":15,"column":4},"end":{"line":15,"column":33}},"7":{"start":{"line":20,"column":4},"end":{"line":20,"column":53}},"8":{"start":{"line":25,"column":18},"end":{"line":25,"column":61}},"9":{"start":{"line":26,"column":4},"end":{"line":26,"column":54}},"10":{"start":{"line":26,"column":16},"end":{"line":26,"column":54}},"11":{"start":{"line":27,"column":4},"end":{"line":27,"column":17}},"12":{"start":{"line":32,"column":18},"end":{"line":32,"column":46}},"13":{"start":{"line":33,"column":4},"end":{"line":33,"column":36}},"14":{"start":{"line":7,"column":13},"end":{"line":7,"column":25}},"15":{"start":{"line":7,"column":13},"end":{"line":35,"column":null}}},"fnMap":{"0":{"name":"(anonymous_4)","decl":{"start":{"line":8,"column":2},"end":{"line":8,"column":null}},"loc":{"start":{"line":10,"column":40},"end":{"line":11,"column":6}}},"1":{"name":"(anonymous_5)","decl":{"start":{"line":14,"column":2},"end":{"line":14,"column":9}},"loc":{"start":{"line":14,"column":9},"end":{"line":16,"column":3}}},"2":{"name":"(anonymous_6)","decl":{"start":{"line":19,"column":2},"end":{"line":19,"column":9}},"loc":{"start":{"line":19,"column":20},"end":{"line":21,"column":3}}},"3":{"name":"(anonymous_7)","decl":{"start":{"line":24,"column":2},"end":{"line":24,"column":7}},"loc":{"start":{"line":24,"column":23},"end":{"line":28,"column":3}}},"4":{"name":"(anonymous_8)","decl":{"start":{"line":31,"column":2},"end":{"line":31,"column":7}},"loc":{"start":{"line":31,"column":24},"end":{"line":34,"column":3}}}},"branchMap":{"0":{"loc":{"start":{"line":26,"column":4},"end":{"line":26,"column":54}},"type":"if","locations":[{"start":{"line":26,"column":4},"end":{"line":26,"column":54}},{"start":{},"end":{}}]},"1":{"loc":{"start":{"line":10,"column":23},"end":{"line":10,"column":40}},"type":"cond-expr","locations":[{"start":{"line":10,"column":33},"end":{"line":10,"column":40}},{"start":{"line":10,"column":33},"end":{"line":10,"column":40}}]},"2":{"loc":{"start":{"line":10,"column":23},"end":{"line":10,"column":33}},"type":"binary-expr","locations":[{"start":{"line":10,"column":23},"end":{"line":10,"column":40}},{"start":{"line":10,"column":23},"end":{"line":10,"column":33}}]}},"s":{"0":1,"1":1,"2":1,"3":1,"4":1,"5":0,"6":0,"7":0,"8":0,"9":0,"10":0,"11":0,"12":0,"13":0,"14":1,"15":1},"f":{"0":0,"1":0,"2":0,"3":0,"4":0},"b":{"0":[0,0],"1":[1,0],"2":[1,1]}}
,"/Users/rusiraliyanage/Documents/Sample Assist/Fullstack-challenge/Backend/booking-project-backend/src/staff/entities/staff.entity.ts": {"path":"/Users/rusiraliyanage/Documents/Sample Assist/Fullstack-challenge/Backend/booking-project-backend/src/staff/entities/staff.entity.ts","statementMap":{"0":{"start":{"line":1,"column":0},"end":{"line":1,"column":null}},"1":{"start":{"line":8,"column":0},"end":{"line":8,"column":76}},"2":{"start":{"line":13,"column":7},"end":{"line":37,"column":null}},"3":{"start":{"line":13,"column":13},"end":{"line":13,"column":18}},"4":{"start":{"line":16,"column":2},"end":{"line":16,"column":null}},"5":{"start":{"line":20,"column":2},"end":{"line":20,"column":null}},"6":{"start":{"line":24,"column":2},"end":{"line":24,"column":null}},"7":{"start":{"line":28,"column":2},"end":{"line":28,"column":null}},"8":{"start":{"line":32,"column":2},"end":{"line":32,"column":null}},"9":{"start":{"line":36,"column":2},"end":{"line":36,"column":null}},"10":{"start":{"line":35,"column":19},"end":{"line":35,"column":30}},"11":{"start":{"line":35,"column":49},"end":{"line":35,"column":66}},"12":{"start":{"line":13,"column":13},"end":{"line":37,"column":null}}},"fnMap":{"0":{"name":"(anonymous_2)","decl":{"start":{"line":35,"column":13},"end":{"line":35,"column":16}},"loc":{"start":{"line":35,"column":19},"end":{"line":35,"column":30}}},"1":{"name":"(anonymous_3)","decl":{"start":{"line":35,"column":32},"end":{"line":35,"column":33}},"loc":{"start":{"line":35,"column":49},"end":{"line":35,"column":66}}}},"branchMap":{"0":{"loc":{"start":{"line":32,"column":13},"end":{"line":32,"column":18}},"type":"cond-expr","locations":[{"start":{"line":32,"column":17},"end":{"line":32,"column":18}},{"start":{"line":32,"column":17},"end":{"line":32,"column":18}}]},"1":{"loc":{"start":{"line":32,"column":13},"end":{"line":32,"column":17}},"type":"binary-expr","locations":[{"start":{"line":32,"column":13},"end":{"line":32,"column":18}},{"start":{"line":32,"column":13},"end":{"line":32,"column":17}}]}},"s":{"0":1,"1":1,"2":1,"3":1,"4":1,"5":1,"6":1,"7":1,"8":1,"9":1,"10":0,"11":0,"12":1},"f":{"0":0,"1":0},"b":{"0":[1,0],"1":[1,1]}}
,"/Users/rusiraliyanage/Documents/Sample Assist/Fullstack-challenge/Backend/booking-project-backend/src/users/users.controller.ts": {"path":"/Users/rusiraliyanage/Documents/Sample Assist/Fullstack-challenge/Backend/booking-project-backend/src/users/users.controller.ts","statementMap":{"0":{"start":{"line":1,"column":0},"end":{"line":1,"column":null}},"1":{"start":{"line":9,"column":0},"end":{"line":9,"column":47}},"2":{"start":{"line":10,"column":0},"end":{"line":10,"column":56}},"3":{"start":{"line":11,"column":0},"end":{"line":11,"column":54}},"4":{"start":{"line":16,"column":7},"end":{"line":52,"column":null}},"5":{"start":{"line":17,"column":31},"end":{"line":17,"column":45}},"6":{"start":{"line":22,"column":4},"end":{"line":22,"column":39}},"7":{"start":{"line":28,"column":4},"end":{"line":28,"column":48}},"8":{"start":{"line":34,"column":21},"end":{"line":34,"column":67}},"9":{"start":{"line":35,"column":4},"end":{"line":35,"column":76}},"10":{"start":{"line":35,"column":18},"end":{"line":35,"column":76}},"11":{"start":{"line":38,"column":19},"end":{"line":38,"column":41}},"12":{"start":{"line":40,"column":25},"end":{"line":43,"column":20}},"13":{"start":{"line":46,"column":4},"end":{"line":50,"column":7}},"14":{"start":{"line":16,"column":13},"end":{"line":16,"column":28}},"15":{"start":{"line":21,"column":8},"end":{"line":23,"column":null}},"16":{"start":{"line":27,"column":8},"end":{"line":29,"column":null}},"17":{"start":{"line":33,"column":8},"end":{"line":51,"column":null}},"18":{"start":{"line":16,"column":13},"end":{"line":52,"column":null}}},"fnMap":{"0":{"name":"(anonymous_4)","decl":{"start":{"line":17,"column":2},"end":{"line":17,"column":31}},"loc":{"start":{"line":17,"column":57},"end":{"line":17,"column":61}}},"1":{"name":"(anonymous_5)","decl":{"start":{"line":21,"column":8},"end":{"line":21,"column":15}},"loc":{"start":{"line":21,"column":15},"end":{"line":23,"column":3}}},"2":{"name":"(anonymous_6)","decl":{"start":{"line":27,"column":8},"end":{"line":27,"column":19}},"loc":{"start":{"line":27,"column":49},"end":{"line":29,"column":3}}},"3":{"name":"(anonymous_7)","decl":{"start":{"line":33,"column":8},"end":{"line":33,"column":14}},"loc":{"start":{"line":33,"column":41},"end":{"line":51,"column":3}}}},"branchMap":{"0":{"loc":{"start":{"line":35,"column":4},"end":{"line":35,"column":76}},"type":"if","locations":[{"start":{"line":35,"column":4},"end":{"line":35,"column":76}},{"start":{},"end":{}}]},"1":{"loc":{"start":{"line":21,"column":19},"end":{"line":21,"column":null}},"type":"cond-expr","locations":[{"start":{"line":21,"column":26},"end":{"line":21,"column":null}},{"start":{"line":21,"column":26},"end":{"line":21,"column":null}}]},"2":{"loc":{"start":{"line":21,"column":19},"end":{"line":21,"column":26}},"type":"binary-expr","locations":[{"start":{"line":21,"column":19},"end":{"line":21,"column":null}},{"start":{"line":21,"column":19},"end":{"line":21,"column":26}}]},"3":{"loc":{"start":{"line":27,"column":52},"end":{"line":27,"column":null}},"type":"cond-expr","locations":[{"start":{"line":27,"column":59},"end":{"line":27,"column":null}},{"start":{"line":27,"column":59},"end":{"line":27,"column":null}}]},"4":{"loc":{"start":{"line":27,"column":52},"end":{"line":27,"column":59}},"type":"binary-expr","locations":[{"start":{"line":27,"column":52},"end":{"line":27,"column":null}},{"start":{"line":27,"column":52},"end":{"line":27,"column":59}}]},"5":{"loc":{"start":{"line":33,"column":28},"end":{"line":33,"column":44}},"type":"cond-expr","locations":[{"start":{"line":33,"column":41},"end":{"line":33,"column":44}},{"start":{"line":33,"column":41},"end":{"line":33,"column":44}}]},"6":{"loc":{"start":{"line":33,"column":28},"end":{"line":33,"column":41}},"type":"binary-expr","locations":[{"start":{"line":33,"column":28},"end":{"line":33,"column":44}},{"start":{"line":33,"column":28},"end":{"line":33,"column":41}}]},"7":{"loc":{"start":{"line":33,"column":44},"end":{"line":33,"column":null}},"type":"cond-expr","locations":[{"start":{"line":33,"column":51},"end":{"line":33,"column":null}},{"start":{"line":33,"column":51},"end":{"line":33,"column":null}}]},"8":{"loc":{"start":{"line":33,"column":44},"end":{"line":33,"column":51}},"type":"binary-expr","locations":[{"start":{"line":33,"column":44},"end":{"line":33,"column":null}},{"start":{"line":33,"column":44},"end":{"line":33,"column":51}}]},"9":{"loc":{"start":{"line":17,"column":45},"end":{"line":17,"column":60}},"type":"cond-expr","locations":[{"start":{"line":17,"column":57},"end":{"line":17,"column":60}},{"start":{"line":17,"column":57},"end":{"line":17,"column":60}}]},"10":{"loc":{"start":{"line":17,"column":45},"end":{"line":17,"column":57}},"type":"binary-expr","locations":[{"start":{"line":17,"column":45},"end":{"line":17,"column":60}},{"start":{"line":17,"column":45},"end":{"line":17,"column":57}}]}},"s":{"0":0,"1":0,"2":0,"3":0,"4":0,"5":0,"6":0,"7":0,"8":0,"9":0,"10":0,"11":0,"12":0,"13":0,"14":0,"15":0,"16":0,"17":0,"18":0},"f":{"0":0,"1":0,"2":0,"3":0},"b":{"0":[0,0],"1":[0,0],"2":[0,0],"3":[0,0],"4":[0,0],"5":[0,0],"6":[0,0],"7":[0,0],"8":[0,0],"9":[0,0],"10":[0,0]}}
,"/Users/rusiraliyanage/Documents/Sample Assist/Fullstack-challenge/Backend/booking-project-backend/src/users/users.module.ts": {"path":"/Users/rusiraliyanage/Documents/Sample Assist/Fullstack-challenge/Backend/booking-project-backend/src/users/users.module.ts","statementMap":{"0":{"start":{"line":1,"column":0},"end":{"line":1,"column":40}},"1":{"start":{"line":2,"column":0},"end":{"line":2,"column":48}},"2":{"start":{"line":3,"column":0},"end":{"line":3,"column":47}},"3":{"start":{"line":4,"column":0},"end":{"line":4,"column":53}},"4":{"start":{"line":5,"column":0},"end":{"line":5,"column":46}},"5":{"start":{"line":13,"column":7},"end":{"line":13,"column":null}},"6":{"start":{"line":13,"column":13},"end":{"line":13,"column":24}},"7":{"start":{"line":13,"column":13},"end":{"line":13,"column":null}}},"fnMap":{},"branchMap":{},"s":{"0":0,"1":0,"2":0,"3":0,"4":0,"5":0,"6":0,"7":0},"f":{},"b":{}}
,"/Users/rusiraliyanage/Documents/Sample Assist/Fullstack-challenge/Backend/booking-project-backend/src/users/users.service.ts": {"path":"/Users/rusiraliyanage/Documents/Sample Assist/Fullstack-challenge/Backend/booking-project-backend/src/users/users.service.ts","statementMap":{"0":{"start":{"line":1,"column":0},"end":{"line":1,"column":44}},"1":{"start":{"line":2,"column":0},"end":{"line":2,"column":51}},"2":{"start":{"line":3,"column":0},"end":{"line":3,"column":37}},"3":{"start":{"line":4,"column":0},"end":{"line":4,"column":56}},"4":{"start":{"line":9,"column":7},"end":{"line":33,"column":null}},"5":{"start":{"line":12,"column":12},"end":{"line":12,"column":23}},"6":{"start":{"line":17,"column":4},"end":{"line":17,"column":33}},"7":{"start":{"line":22,"column":4},"end":{"line":22,"column":56}},"8":{"start":{"line":27,"column":4},"end":{"line":29,"column":5}},"9":{"start":{"line":28,"column":6},"end":{"line":28,"column":36}},"10":{"start":{"line":30,"column":20},"end":{"line":30,"column":47}},"11":{"start":{"line":31,"column":4},"end":{"line":31,"column":40}},"12":{"start":{"line":9,"column":13},"end":{"line":9,"column":25}},"13":{"start":{"line":9,"column":13},"end":{"line":33,"column":null}}},"fnMap":{"0":{"name":"(anonymous_4)","decl":{"start":{"line":10,"column":2},"end":{"line":10,"column":null}},"loc":{"start":{"line":12,"column":39},"end":{"line":13,"column":6}}},"1":{"name":"(anonymous_5)","decl":{"start":{"line":16,"column":2},"end":{"line":16,"column":9}},"loc":{"start":{"line":16,"column":9},"end":{"line":18,"column":3}}},"2":{"name":"(anonymous_6)","decl":{"start":{"line":21,"column":2},"end":{"line":21,"column":13}},"loc":{"start":{"line":21,"column":27},"end":{"line":23,"column":3}}},"3":{"name":"(anonymous_7)","decl":{"start":{"line":26,"column":2},"end":{"line":26,"column":7}},"loc":{"start":{"line":26,"column":34},"end":{"line":32,"column":3}}}},"branchMap":{"0":{"loc":{"start":{"line":27,"column":4},"end":{"line":29,"column":5}},"type":"if","locations":[{"start":{"line":27,"column":4},"end":{"line":29,"column":5}},{"start":{},"end":{}}]},"1":{"loc":{"start":{"line":12,"column":23},"end":{"line":12,"column":39}},"type":"cond-expr","locations":[{"start":{"line":12,"column":33},"end":{"line":12,"column":39}},{"start":{"line":12,"column":33},"end":{"line":12,"column":39}}]},"2":{"loc":{"start":{"line":12,"column":23},"end":{"line":12,"column":33}},"type":"binary-expr","locations":[{"start":{"line":12,"column":23},"end":{"line":12,"column":39}},{"start":{"line":12,"column":23},"end":{"line":12,"column":33}}]}},"s":{"0":0,"1":0,"2":0,"3":0,"4":0,"5":0,"6":0,"7":0,"8":0,"9":0,"10":0,"11":0,"12":0,"13":0},"f":{"0":0,"1":0,"2":0,"3":0},"b":{"0":[0,0],"1":[0,0],"2":[0,0]}}
,"/Users/rusiraliyanage/Documents/Sample Assist/Fullstack-challenge/Backend/booking-project-backend/src/users/dto/create-user.dto.ts": {"path":"/Users/rusiraliyanage/Documents/Sample Assist/Fullstack-challenge/Backend/booking-project-backend/src/users/dto/create-user.dto.ts","statementMap":{"0":{"start":{"line":1,"column":0},"end":{"line":1,"column":65}},"1":{"start":{"line":5,"column":0},"end":{"line":5,"column":13}},"2":{"start":{"line":7,"column":2},"end":{"line":7,"column":null}},"3":{"start":{"line":11,"column":2},"end":{"line":11,"column":null}}},"fnMap":{},"branchMap":{},"s":{"0":0,"1":0,"2":0,"3":0},"f":{},"b":{}}
,"/Users/rusiraliyanage/Documents/Sample Assist/Fullstack-challenge/Backend/booking-project-backend/src/users/entities/user.entity.ts": {"path":"/Users/rusiraliyanage/Documents/Sample Assist/Fullstack-challenge/Backend/booking-project-backend/src/users/entities/user.entity.ts","statementMap":{"0":{"start":{"line":1,"column":0},"end":{"line":1,"column":null}},"1":{"start":{"line":11,"column":0},"end":{"line":11,"column":null}},"2":{"start":{"line":12,"column":2},"end":{"line":12,"column":null}},"3":{"start":{"line":13,"column":2},"end":{"line":13,"column":null}},"4":{"start":{"line":19,"column":7},"end":{"line":47,"column":null}},"5":{"start":{"line":19,"column":13},"end":{"line":19,"column":17}},"6":{"start":{"line":22,"column":2},"end":{"line":22,"column":null}},"7":{"start":{"line":26,"column":2},"end":{"line":26,"column":null}},"8":{"start":{"line":30,"column":2},"end":{"line":30,"column":null}},"9":{"start":{"line":38,"column":2},"end":{"line":38,"column":null}},"10":{"start":{"line":42,"column":2},"end":{"line":42,"column":null}},"11":{"start":{"line":46,"column":2},"end":{"line":46,"column":null}},"12":{"start":{"line":19,"column":13},"end":{"line":47,"column":null}}},"fnMap":{"0":{"name":"(anonymous_2)","decl":{"start":{"line":11,"column":0},"end":{"line":11,"column":12}},"loc":{"start":{"line":11,"column":20},"end":{"line":14,"column":1}}}},"branchMap":{"0":{"loc":{"start":{"line":11,"column":12},"end":{"line":11,"column":null}},"type":"binary-expr","locations":[{"start":{"line":11,"column":12},"end":{"line":11,"column":20}},{"start":{"line":11,"column":20},"end":{"line":11,"column":null}}]},"1":{"loc":{"start":{"line":42,"column":13},"end":{"line":42,"column":18}},"type":"cond-expr","locations":[{"start":{"line":42,"column":17},"end":{"line":42,"column":18}},{"start":{"line":42,"column":17},"end":{"line":42,"column":18}}]},"2":{"loc":{"start":{"line":42,"column":13},"end":{"line":42,"column":17}},"type":"binary-expr","locations":[{"start":{"line":42,"column":13},"end":{"line":42,"column":18}},{"start":{"line":42,"column":13},"end":{"line":42,"column":17}}]},"3":{"loc":{"start":{"line":46,"column":13},"end":{"line":46,"column":18}},"type":"cond-expr","locations":[{"start":{"line":46,"column":17},"end":{"line":46,"column":18}},{"start":{"line":46,"column":17},"end":{"line":46,"column":18}}]},"4":{"loc":{"start":{"line":46,"column":13},"end":{"line":46,"column":17}},"type":"binary-expr","locations":[{"start":{"line":46,"column":13},"end":{"line":46,"column":18}},{"start":{"line":46,"column":13},"end":{"line":46,"column":17}}]}},"s":{"0":1,"1":1,"2":1,"3":1,"4":1,"5":1,"6":1,"7":1,"8":1,"9":1,"10":1,"11":1,"12":1},"f":{"0":1},"b":{"0":[1,1],"1":[1,0],"2":[1,1],"3":[1,0],"4":[1,1]}}
}
